{"level":"error"}
{"error":{},"level":"error","message":"uncaughtException: dsafdafs\nError: dsafdafs\n    at Object.<anonymous> (C:\\Users\\karti\\Desktop\\vidly\\index.js:44:7)\n    at Module._compile (internal/modules/cjs/loader.js:1156:30)\n    at Object.Module._extensions..js (internal/modules/cjs/loader.js:1176:10)\n    at Module.load (internal/modules/cjs/loader.js:1000:32)\n    at Function.Module._load (internal/modules/cjs/loader.js:899:14)\n    at Function.executeUserEntryPoint [as runMain] (internal/modules/run_main.js:74:12)\n    at internal/main/run_main_module.js:18:47","stack":"Error: dsafdafs\n    at Object.<anonymous> (C:\\Users\\karti\\Desktop\\vidly\\index.js:44:7)\n    at Module._compile (internal/modules/cjs/loader.js:1156:30)\n    at Object.Module._extensions..js (internal/modules/cjs/loader.js:1176:10)\n    at Module.load (internal/modules/cjs/loader.js:1000:32)\n    at Function.Module._load (internal/modules/cjs/loader.js:899:14)\n    at Function.executeUserEntryPoint [as runMain] (internal/modules/run_main.js:74:12)\n    at internal/main/run_main_module.js:18:47","exception":true,"date":"Fri May 08 2020 18:58:56 GMT+0530 (India Standard Time)","process":{"pid":480,"uid":null,"gid":null,"cwd":"C:\\Users\\karti\\Desktop\\vidly","execPath":"C:\\Program Files\\nodejs\\node.exe","version":"v12.16.2","argv":["C:\\Program Files\\nodejs\\node.exe","C:\\Users\\karti\\Desktop\\vidly\\index.js"],"memoryUsage":{"rss":59752448,"heapTotal":35622912,"heapUsed":26122104,"external":20550128}},"os":{"loadavg":[0,0,0],"uptime":23982},"trace":[{"column":7,"file":"C:\\Users\\karti\\Desktop\\vidly\\index.js","function":null,"line":44,"method":null,"native":false},{"column":30,"file":"internal/modules/cjs/loader.js","function":"Module._compile","line":1156,"method":"_compile","native":false},{"column":10,"file":"internal/modules/cjs/loader.js","function":"Module._extensions..js","line":1176,"method":".js","native":false},{"column":32,"file":"internal/modules/cjs/loader.js","function":"Module.load","line":1000,"method":"load","native":false},{"column":14,"file":"internal/modules/cjs/loader.js","function":"Module._load","line":899,"method":"_load","native":false},{"column":12,"file":"internal/modules/run_main.js","function":"Function.executeUserEntryPoint [as runMain]","line":74,"method":"executeUserEntryPoint [as runMain]","native":false},{"column":47,"file":"internal/main/run_main_module.js","function":null,"line":18,"method":null,"native":false}]}
{"error":{},"level":"error","message":"uncaughtException: dsafdafs\nError: dsafdafs\n    at Object.<anonymous> (C:\\Users\\karti\\Desktop\\vidly\\index.js:46:7)\n    at Module._compile (internal/modules/cjs/loader.js:1156:30)\n    at Object.Module._extensions..js (internal/modules/cjs/loader.js:1176:10)\n    at Module.load (internal/modules/cjs/loader.js:1000:32)\n    at Function.Module._load (internal/modules/cjs/loader.js:899:14)\n    at Function.executeUserEntryPoint [as runMain] (internal/modules/run_main.js:74:12)\n    at internal/main/run_main_module.js:18:47","stack":"Error: dsafdafs\n    at Object.<anonymous> (C:\\Users\\karti\\Desktop\\vidly\\index.js:46:7)\n    at Module._compile (internal/modules/cjs/loader.js:1156:30)\n    at Object.Module._extensions..js (internal/modules/cjs/loader.js:1176:10)\n    at Module.load (internal/modules/cjs/loader.js:1000:32)\n    at Function.Module._load (internal/modules/cjs/loader.js:899:14)\n    at Function.executeUserEntryPoint [as runMain] (internal/modules/run_main.js:74:12)\n    at internal/main/run_main_module.js:18:47","exception":true,"date":"Fri May 08 2020 19:03:18 GMT+0530 (India Standard Time)","process":{"pid":2396,"uid":null,"gid":null,"cwd":"C:\\Users\\karti\\Desktop\\vidly","execPath":"C:\\Program Files\\nodejs\\node.exe","version":"v12.16.2","argv":["C:\\Program Files\\nodejs\\node.exe","C:\\Users\\karti\\Desktop\\vidly\\index.js"],"memoryUsage":{"rss":59465728,"heapTotal":35622912,"heapUsed":26061168,"external":20537804}},"os":{"loadavg":[0,0,0],"uptime":24245},"trace":[{"column":7,"file":"C:\\Users\\karti\\Desktop\\vidly\\index.js","function":null,"line":46,"method":null,"native":false},{"column":30,"file":"internal/modules/cjs/loader.js","function":"Module._compile","line":1156,"method":"_compile","native":false},{"column":10,"file":"internal/modules/cjs/loader.js","function":"Module._extensions..js","line":1176,"method":".js","native":false},{"column":32,"file":"internal/modules/cjs/loader.js","function":"Module.load","line":1000,"method":"load","native":false},{"column":14,"file":"internal/modules/cjs/loader.js","function":"Module._load","line":899,"method":"_load","native":false},{"column":12,"file":"internal/modules/run_main.js","function":"Function.executeUserEntryPoint [as runMain]","line":74,"method":"executeUserEntryPoint [as runMain]","native":false},{"column":47,"file":"internal/main/run_main_module.js","function":null,"line":18,"method":null,"native":false}]}
{"level":"error"}
{"level":"error"}
{"level":"error"}
{"level":"error","message":"fgdksahgjkdsahfgdksahgjkdsah","stack":"Error: fgdksahgjkdsah\n    at Object.<anonymous> (C:\\Users\\karti\\Desktop\\vidly\\index.js:45:7)\n    at Module._compile (internal/modules/cjs/loader.js:1156:30)\n    at Object.Module._extensions..js (internal/modules/cjs/loader.js:1176:10)\n    at Module.load (internal/modules/cjs/loader.js:1000:32)\n    at Function.Module._load (internal/modules/cjs/loader.js:899:14)\n    at Function.executeUserEntryPoint [as runMain] (internal/modules/run_main.js:74:12)\n    at internal/main/run_main_module.js:18:47"}
{"level":"error","message":"dfhsfjhgdfhsfjhg","stack":"Error: dfhsfjhg\n    at Object.<anonymous> (C:\\Users\\karti\\Desktop\\vidly\\index.js:47:7)\n    at Module._compile (internal/modules/cjs/loader.js:1156:30)\n    at Object.Module._extensions..js (internal/modules/cjs/loader.js:1176:10)\n    at Module.load (internal/modules/cjs/loader.js:1000:32)\n    at Function.Module._load (internal/modules/cjs/loader.js:899:14)\n    at Function.executeUserEntryPoint [as runMain] (internal/modules/run_main.js:74:12)\n    at internal/main/run_main_module.js:18:47"}
{"level":"error","message":"dfhsfjhgdfhsfjhg","stack":"Error: dfhsfjhg\n    at Object.<anonymous> (C:\\Users\\karti\\Desktop\\vidly\\index.js:47:7)\n    at Module._compile (internal/modules/cjs/loader.js:1156:30)\n    at Object.Module._extensions..js (internal/modules/cjs/loader.js:1176:10)\n    at Module.load (internal/modules/cjs/loader.js:1000:32)\n    at Function.Module._load (internal/modules/cjs/loader.js:899:14)\n    at Function.executeUserEntryPoint [as runMain] (internal/modules/run_main.js:74:12)\n    at internal/main/run_main_module.js:18:47"}
{"level":"error","message":"dfhsfjhgdfhsfjhg","stack":"Error: dfhsfjhg\n    at Object.<anonymous> (C:\\Users\\karti\\Desktop\\vidly\\index.js:47:7)\n    at Module._compile (internal/modules/cjs/loader.js:1156:30)\n    at Object.Module._extensions..js (internal/modules/cjs/loader.js:1176:10)\n    at Module.load (internal/modules/cjs/loader.js:1000:32)\n    at Function.Module._load (internal/modules/cjs/loader.js:899:14)\n    at Function.executeUserEntryPoint [as runMain] (internal/modules/run_main.js:74:12)\n    at internal/main/run_main_module.js:18:47"}
{"level":"error","message":"dfhsfjhgdfhsfjhg","stack":"Error: dfhsfjhg\n    at Object.<anonymous> (C:\\Users\\karti\\Desktop\\vidly\\index.js:47:7)\n    at Module._compile (internal/modules/cjs/loader.js:1156:30)\n    at Object.Module._extensions..js (internal/modules/cjs/loader.js:1176:10)\n    at Module.load (internal/modules/cjs/loader.js:1000:32)\n    at Function.Module._load (internal/modules/cjs/loader.js:899:14)\n    at Function.executeUserEntryPoint [as runMain] (internal/modules/run_main.js:74:12)\n    at internal/main/run_main_module.js:18:47"}
{"level":"error","message":"dfhsfjhgdfhsfjhg","stack":"Error: dfhsfjhg\n    at Object.<anonymous> (C:\\Users\\karti\\Desktop\\vidly\\index.js:50:7)\n    at Module._compile (internal/modules/cjs/loader.js:1156:30)\n    at Object.Module._extensions..js (internal/modules/cjs/loader.js:1176:10)\n    at Module.load (internal/modules/cjs/loader.js:1000:32)\n    at Function.Module._load (internal/modules/cjs/loader.js:899:14)\n    at Function.executeUserEntryPoint [as runMain] (internal/modules/run_main.js:74:12)\n    at internal/main/run_main_module.js:18:47"}
{"level":"error","message":"dfhsfjhgdfhsfjhg","stack":"Error: dfhsfjhg\n    at Object.<anonymous> (C:\\Users\\karti\\Desktop\\vidly\\index.js:50:7)\n    at Module._compile (internal/modules/cjs/loader.js:1156:30)\n    at Object.Module._extensions..js (internal/modules/cjs/loader.js:1176:10)\n    at Module.load (internal/modules/cjs/loader.js:1000:32)\n    at Function.Module._load (internal/modules/cjs/loader.js:899:14)\n    at Function.executeUserEntryPoint [as runMain] (internal/modules/run_main.js:74:12)\n    at internal/main/run_main_module.js:18:47"}
{"level":"error","message":"dfhsfjhgdfhsfjhg","stack":"Error: dfhsfjhg\n    at Object.<anonymous> (C:\\Users\\karti\\Desktop\\vidly\\index.js:51:7)\n    at Module._compile (internal/modules/cjs/loader.js:1156:30)\n    at Object.Module._extensions..js (internal/modules/cjs/loader.js:1176:10)\n    at Module.load (internal/modules/cjs/loader.js:1000:32)\n    at Function.Module._load (internal/modules/cjs/loader.js:899:14)\n    at Function.executeUserEntryPoint [as runMain] (internal/modules/run_main.js:74:12)\n    at internal/main/run_main_module.js:18:47"}
{"level":"error","message":"dfhsfjhgdfhsfjhg","stack":"Error: dfhsfjhg\n    at Object.<anonymous> (C:\\Users\\karti\\Desktop\\vidly\\index.js:52:7)\n    at Module._compile (internal/modules/cjs/loader.js:1156:30)\n    at Object.Module._extensions..js (internal/modules/cjs/loader.js:1176:10)\n    at Module.load (internal/modules/cjs/loader.js:1000:32)\n    at Function.Module._load (internal/modules/cjs/loader.js:899:14)\n    at Function.executeUserEntryPoint [as runMain] (internal/modules/run_main.js:74:12)\n    at internal/main/run_main_module.js:18:47"}
{
  level: '\u001b[31merror\u001b[39m',
  message: 'dfhsfjhgdfhsfjhg',
  stack: 'Error: dfhsfjhg\n' +
    '    at Object.<anonymous> (C:\\Users\\karti\\Desktop\\vidly\\index.js:56:7)\n' +
    '    at Module._compile (internal/modules/cjs/loader.js:1156:30)\n' +
    '    at Object.Module._extensions..js (internal/modules/cjs/loader.js:1176:10)\n' +
    '    at Module.load (internal/modules/cjs/loader.js:1000:32)\n' +
    '    at Function.Module._load (internal/modules/cjs/loader.js:899:14)\n' +
    '    at Function.executeUserEntryPoint [as runMain] (internal/modules/run_main.js:74:12)\n' +
    '    at internal/main/run_main_module.js:18:47'
}
{
  level: 'error',
  message: 'dfhsfjhgdfhsfjhg',
  stack: 'Error: dfhsfjhg\n' +
    '    at Object.<anonymous> (C:\\Users\\karti\\Desktop\\vidly\\index.js:54:7)\n' +
    '    at Module._compile (internal/modules/cjs/loader.js:1156:30)\n' +
    '    at Object.Module._extensions..js (internal/modules/cjs/loader.js:1176:10)\n' +
    '    at Module.load (internal/modules/cjs/loader.js:1000:32)\n' +
    '    at Function.Module._load (internal/modules/cjs/loader.js:899:14)\n' +
    '    at Function.executeUserEntryPoint [as runMain] (internal/modules/run_main.js:74:12)\n' +
    '    at internal/main/run_main_module.js:18:47'
}
{
  level: 'error',
  message: 'dfhsfjhgdfhsfjhg',
  stack: 'Error: dfhsfjhg\n' +
    '    at Object.<anonymous> (C:\\Users\\karti\\Desktop\\vidly\\index.js:54:7)\n' +
    '    at Module._compile (internal/modules/cjs/loader.js:1156:30)\n' +
    '    at Object.Module._extensions..js (internal/modules/cjs/loader.js:1176:10)\n' +
    '    at Module.load (internal/modules/cjs/loader.js:1000:32)\n' +
    '    at Function.Module._load (internal/modules/cjs/loader.js:899:14)\n' +
    '    at Function.executeUserEntryPoint [as runMain] (internal/modules/run_main.js:74:12)\n' +
    '    at internal/main/run_main_module.js:18:47'
}
{
  level: 'error',
  message: 'dfhsfjhgdfhsfjhg',
  stack: 'Error: dfhsfjhg\n' +
    '    at Object.<anonymous> (C:\\Users\\karti\\Desktop\\vidly\\index.js:54:7)\n' +
    '    at Module._compile (internal/modules/cjs/loader.js:1156:30)\n' +
    '    at Object.Module._extensions..js (internal/modules/cjs/loader.js:1176:10)\n' +
    '    at Module.load (internal/modules/cjs/loader.js:1000:32)\n' +
    '    at Function.Module._load (internal/modules/cjs/loader.js:899:14)\n' +
    '    at Function.executeUserEntryPoint [as runMain] (internal/modules/run_main.js:74:12)\n' +
    '    at internal/main/run_main_module.js:18:47'
}
{
  level: 'error',
  message: 'dfhsfjhgdfhsfjhg',
  stack: 'Error: dfhsfjhg\n' +
    '    at Object.<anonymous> (C:\\Users\\karti\\Desktop\\vidly\\index.js:54:7)\n' +
    '    at Module._compile (internal/modules/cjs/loader.js:1156:30)\n' +
    '    at Object.Module._extensions..js (internal/modules/cjs/loader.js:1176:10)\n' +
    '    at Module.load (internal/modules/cjs/loader.js:1000:32)\n' +
    '    at Function.Module._load (internal/modules/cjs/loader.js:899:14)\n' +
    '    at Function.executeUserEntryPoint [as runMain] (internal/modules/run_main.js:74:12)\n' +
    '    at internal/main/run_main_module.js:18:47'
}
{
  level: 'error',
  message: 'dfhsfjhgdfhsfjhg',
  stack: 'Error: dfhsfjhg\n' +
    '    at Object.<anonymous> (C:\\Users\\karti\\Desktop\\vidly\\index.js:54:7)\n' +
    '    at Module._compile (internal/modules/cjs/loader.js:1156:30)\n' +
    '    at Object.Module._extensions..js (internal/modules/cjs/loader.js:1176:10)\n' +
    '    at Module.load (internal/modules/cjs/loader.js:1000:32)\n' +
    '    at Function.Module._load (internal/modules/cjs/loader.js:899:14)\n' +
    '    at Function.executeUserEntryPoint [as runMain] (internal/modules/run_main.js:74:12)\n' +
    '    at internal/main/run_main_module.js:18:47'
}
{
  level: 'error',
  message: 'dfhsfjhgdfhsfjhg',
  stack: 'Error: dfhsfjhg\n' +
    '    at Object.<anonymous> (C:\\Users\\karti\\Desktop\\vidly\\index.js:54:7)\n' +
    '    at Module._compile (internal/modules/cjs/loader.js:1156:30)\n' +
    '    at Object.Module._extensions..js (internal/modules/cjs/loader.js:1176:10)\n' +
    '    at Module.load (internal/modules/cjs/loader.js:1000:32)\n' +
    '    at Function.Module._load (internal/modules/cjs/loader.js:899:14)\n' +
    '    at Function.executeUserEntryPoint [as runMain] (internal/modules/run_main.js:74:12)\n' +
    '    at internal/main/run_main_module.js:18:47'
}
{
  level: 'error',
  message: 'dfhsfjhgdfhsfjhg',
  stack: 'Error: dfhsfjhg\n' +
    '    at Object.<anonymous> (C:\\Users\\karti\\Desktop\\vidly\\index.js:54:7)\n' +
    '    at Module._compile (internal/modules/cjs/loader.js:1156:30)\n' +
    '    at Object.Module._extensions..js (internal/modules/cjs/loader.js:1176:10)\n' +
    '    at Module.load (internal/modules/cjs/loader.js:1000:32)\n' +
    '    at Function.Module._load (internal/modules/cjs/loader.js:899:14)\n' +
    '    at Function.executeUserEntryPoint [as runMain] (internal/modules/run_main.js:74:12)\n' +
    '    at internal/main/run_main_module.js:18:47'
}
{
  message: 'connect ECONNREFUSED 127.0.0.1:27017connect ECONNREFUSED 127.0.0.1:27017',
  name: 'MongooseServerSelectionError',
  reason: TopologyDescription {
    type: 'Single',
    setName: null,
    maxSetVersion: null,
    maxElectionId: null,
    servers: Map {
      'localhost:27017' => ServerDescription {
        address: 'localhost:27017',
        error: Error: connect ECONNREFUSED 127.0.0.1:27017
            at TCPConnectWrap.afterConnect [as oncomplete] (net.js:1141:16) {
          name: 'MongoNetworkError',
          [Symbol(mongoErrorContextSymbol)]: {}
        },
        roundTripTime: -1,
        lastUpdateTime: 1588946038155,
        lastWriteDate: null,
        opTime: null,
        type: 'Unknown',
        minWireVersion: 0,
        maxWireVersion: 0,
        hosts: [],
        passives: [],
        arbiters: [],
        tags: []
      }
    },
    stale: false,
    compatible: true,
    compatibilityError: null,
    logicalSessionTimeoutMinutes: null,
    heartbeatFrequencyMS: 10000,
    localThresholdMS: 15,
    commonWireVersion: 8
  },
  level: 'error',
  stack: 'MongooseServerSelectionError: connect ECONNREFUSED 127.0.0.1:27017\n' +
    '    at new MongooseServerSelectionError (C:\\Users\\karti\\Desktop\\vidly\\node_modules\\mongoose\\lib\\error\\serverSelection.js:24:11)\n' +
    '    at Function.Model.$wrapCallback (C:\\Users\\karti\\Desktop\\vidly\\node_modules\\mongoose\\lib\\model.js:4901:32)\n' +
    '    at C:\\Users\\karti\\Desktop\\vidly\\node_modules\\mongoose\\lib\\query.js:4353:21\n' +
    '    at C:\\Users\\karti\\Desktop\\vidly\\node_modules\\mongoose\\lib\\helpers\\promiseOrCallback.js:31:5\n' +
    '    at Promise._execute (C:\\Users\\karti\\Desktop\\vidly\\node_modules\\fawn\\node_modules\\bluebird\\js\\release\\debuggability.js:300:9)\n' +
    '    at Promise._resolveFromExecutor (C:\\Users\\karti\\Desktop\\vidly\\node_modules\\fawn\\node_modules\\bluebird\\js\\release\\promise.js:483:18)\n' +
    '    at new Promise (C:\\Users\\karti\\Desktop\\vidly\\node_modules\\fawn\\node_modules\\bluebird\\js\\release\\promise.js:79:10)\n' +
    '    at promiseOrCallback (C:\\Users\\karti\\Desktop\\vidly\\node_modules\\mongoose\\lib\\helpers\\promiseOrCallback.js:30:10)\n' +
    '    at model.Query.exec (C:\\Users\\karti\\Desktop\\vidly\\node_modules\\mongoose\\lib\\query.js:4352:10)\n' +
    '    at model.Query.Query.then (C:\\Users\\karti\\Desktop\\vidly\\node_modules\\mongoose\\lib\\query.js:4433:15)\n' +
    '    at processTicksAndRejections (internal/process/task_queues.js:97:5)',
  [Symbol(mongoErrorContextSymbol)]: {}
}
{
  name: 'MongoServerSelectionError',
  reason: TopologyDescription {
    type: 'Single',
    setName: null,
    maxSetVersion: null,
    maxElectionId: null,
    servers: Map {
      'localhost:27017' => ServerDescription {
        address: 'localhost:27017',
        error: Error: connect ECONNREFUSED 127.0.0.1:27017
            at TCPConnectWrap.afterConnect [as oncomplete] (net.js:1141:16) {
          name: 'MongoNetworkError',
          [Symbol(mongoErrorContextSymbol)]: {}
        },
        roundTripTime: -1,
        lastUpdateTime: 1588946069957,
        lastWriteDate: null,
        opTime: null,
        type: 'Unknown',
        minWireVersion: 0,
        maxWireVersion: 0,
        hosts: [],
        passives: [],
        arbiters: [],
        tags: []
      }
    },
    stale: false,
    compatible: true,
    compatibilityError: null,
    logicalSessionTimeoutMinutes: null,
    heartbeatFrequencyMS: 10000,
    localThresholdMS: 15,
    commonWireVersion: 8
  },
  level: 'error',
  message: 'connect ECONNREFUSED 127.0.0.1:27017connect ECONNREFUSED 127.0.0.1:27017',
  stack: 'MongoServerSelectionError: connect ECONNREFUSED 127.0.0.1:27017\n' +
    '    at Timeout._onTimeout (C:\\Users\\karti\\Desktop\\vidly\\node_modules\\mongodb\\lib\\core\\sdam\\topology.js:430:30)\n' +
    '    at listOnTimeout (internal/timers.js:549:17)\n' +
    '    at processTimers (internal/timers.js:492:7)',
  [Symbol(mongoErrorContextSymbol)]: {}
}
{
  level: 'error',
  message: 'fsafhjashfsafhjash',
  stack: 'Error: fsafhjash\n    at C:\\Users\\karti\\Desktop\\vidly\\routes\\genres.js:9:11'
}
{
  level: 'error',
  message: 'fsafhjashfsafhjash',
  stack: 'Error: fsafhjash\n' +
    '    at C:\\Users\\karti\\Desktop\\vidly\\routes\\genres.js:10:11'
}
{
  level: 'error',
  message: 'fsafhjashfsafhjash',
  stack: 'Error: fsafhjash\n' +
    '    at C:\\Users\\karti\\Desktop\\vidly\\routes\\genres.js:10:11'
}
{
  level: 'error',
  message: 'fsafhjashfsafhjash',
  stack: 'Error: fsafhjash\n    at C:\\Users\\karti\\Desktop\\vidly\\routes\\genres.js:9:11'
}
{
  level: 'error',
  message: 'fsafhjashfsafhjash',
  stack: 'Error: fsafhjash\n    at C:\\Users\\karti\\Desktop\\vidly\\routes\\genres.js:9:11'
}
{
  level: 'error',
  message: 'fsafhjashfsafhjash',
  stack: 'Error: fsafhjash\n    at C:\\Users\\karti\\Desktop\\vidly\\routes\\genres.js:9:11'
}
